<?xml version="1.0" encoding="UTF-8"?>
<!-- Generated by org.testng.reporters.JUnitReportReporter -->
<testsuite hostname="GamePlayer" failures="0" tests="3" name="pages.Home" time="10.943" errors="0" timestamp="2021-12-30T15:51:43 EST" skipped="0">
  <testcase classname="pages.Home" name="test_mainContent_ManagerLoginButton" time="2.665"/>
  <system-out/>
  <testcase classname="pages.Home" name="test_navbar_HomeButton" time="4.980"/>
  <system-out/>
  <testcase classname="pages.Home" name="test_mainContent_CustomerLoginButton" time="3.298"/>
  <system-out/>
</testsuite> <!-- pages.Home -->
