<?xml version="1.0" encoding="UTF-8"?>
<!-- Generated by org.testng.reporters.JUnitReportReporter -->
<testsuite hostname="GamePlayer" failures="0" tests="4" name="pages.Manager_OpenAccount" time="1.490" errors="0" timestamp="2021-12-30T15:51:43 EST" skipped="0">
  <testcase classname="pages.Manager_OpenAccount" name="testNavigationToCustomersTable" time="0.093"/>
  <system-out/>
  <testcase classname="pages.Manager_OpenAccount" name="testFormOpenAccount" time="1.175"/>
  <system-out/>
  <testcase classname="pages.Manager_OpenAccount" name="testHomeButton" time="0.116"/>
  <system-out/>
  <testcase classname="pages.Manager_OpenAccount" name="testNavigationToAddCustomer" time="0.106"/>
  <system-out/>
</testsuite> <!-- pages.Manager_OpenAccount -->
