<?xml version="1.0" encoding="UTF-8"?>
<!-- Generated by org.testng.reporters.JUnitReportReporter -->
<testsuite hostname="GamePlayer" failures="0" tests="5" name="pages.Customer_Transactions" time="27.774" errors="0" timestamp="2021-12-30T15:51:43 EST" skipped="0">
  <testcase classname="pages.Customer_Transactions" name="testDatePicker" time="16.936"/>
  <system-out/>
  <testcase classname="pages.Customer_Transactions" name="testHomeButton" time="0.537"/>
  <system-out/>
  <testcase classname="pages.Customer_Transactions" name="testResetButton_andCorrectRecentData" time="4.116"/>
  <system-out/>
  <testcase classname="pages.Customer_Transactions" name="testTableSorting" time="5.684"/>
  <system-out/>
  <testcase classname="pages.Customer_Transactions" name="testLogoutButton" time="0.501"/>
  <system-out/>
</testsuite> <!-- pages.Customer_Transactions -->
