<?xml version="1.0" encoding="UTF-8"?>
<!-- Generated by org.testng.reporters.JUnitReportReporter -->
<testsuite hostname="GamePlayer" failures="0" tests="7" name="pages.Customer_Dashboard" time="6.123" errors="0" timestamp="2021-12-30T15:51:43 EST" skipped="0">
  <testcase classname="pages.Customer_Dashboard" name="testNavigationTransactions" time="0.917"/>
  <system-out/>
  <testcase classname="pages.Customer_Dashboard" name="test" time="1.829"/>
  <system-out/>
  <testcase classname="pages.Customer_Dashboard" name="testLogoutButton" time="0.405"/>
  <system-out/>
  <testcase classname="pages.Customer_Dashboard" name="testAccountInfoDisplay" time="0.493"/>
  <system-out/>
  <testcase classname="pages.Customer_Dashboard" name="testHomeButton" time="1.413"/>
  <system-out/>
  <testcase classname="pages.Customer_Dashboard" name="testUserGreeting" time="0.377"/>
  <system-out/>
  <testcase classname="pages.Customer_Dashboard" name="testSelectingAccountNumber" time="0.689"/>
  <system-out/>
</testsuite> <!-- pages.Customer_Dashboard -->
