<?xml version="1.0" encoding="UTF-8"?>
<!-- Generated by org.testng.reporters.JUnitReportReporter -->
<testsuite hostname="GamePlayer" failures="0" tests="7" name="pages.Manager_CustomerTable" time="3.012" errors="0" timestamp="2021-12-30T15:51:43 EST" skipped="0">
  <testcase classname="pages.Manager_CustomerTable" name="testNavigationHomeButton" time="0.127"/>
  <system-out/>
  <testcase classname="pages.Manager_CustomerTable" name="testDeleteCustomer" time="0.427"/>
  <system-out/>
  <testcase classname="pages.Manager_CustomerTable" name="testSearchBar" time="0.260"/>
  <system-out/>
  <testcase classname="pages.Manager_CustomerTable" name="testTableSort" time="1.325"/>
  <system-out/>
  <testcase classname="pages.Manager_CustomerTable" name="testTableShowsNewAccounts" time="0.690"/>
  <system-out/>
  <testcase classname="pages.Manager_CustomerTable" name="testNavigationAddCustomer" time="0.093"/>
  <system-out/>
  <testcase classname="pages.Manager_CustomerTable" name="testNavigationOpenAccount" time="0.090"/>
  <system-out/>
</testsuite> <!-- pages.Manager_CustomerTable -->
