<?xml version="1.0" encoding="UTF-8"?>
<!-- Generated by org.testng.reporters.JUnitReportReporter -->
<testsuite hostname="GamePlayer" failures="0" tests="4" name="pages.Manager_AddCustomer" time="4.692" errors="0" timestamp="2021-12-30T15:51:43 EST" skipped="0">
  <testcase classname="pages.Manager_AddCustomer" name="testNavigationToOpenAccount" time="0.600"/>
  <system-out/>
  <testcase classname="pages.Manager_AddCustomer" name="testNavigationToCustomersTable" time="0.107"/>
  <system-out/>
  <testcase classname="pages.Manager_AddCustomer" name="testHomeButton" time="0.115"/>
  <system-out/>
  <testcase classname="pages.Manager_AddCustomer" name="testAddCustomerForm" time="3.870"/>
  <system-out/>
</testsuite> <!-- pages.Manager_AddCustomer -->
