<?xml version="1.0" encoding="UTF-8"?>
<!-- Generated by org.testng.reporters.JUnitReportReporter -->
<testsuite hostname="GamePlayer" failures="0" tests="4" name="pages.Manager_Dashboard" time="0.445" errors="0" timestamp="2021-12-30T15:51:43 EST" skipped="0">
  <testcase classname="pages.Manager_Dashboard" name="testCustomerTable" time="0.104"/>
  <system-out/>
  <testcase classname="pages.Manager_Dashboard" name="testOpenAccountButton" time="0.091"/>
  <system-out/>
  <testcase classname="pages.Manager_Dashboard" name="testHomeButton" time="0.139"/>
  <system-out/>
  <testcase classname="pages.Manager_Dashboard" name="testAddCusterButton" time="0.111"/>
  <system-out/>
</testsuite> <!-- pages.Manager_Dashboard -->
