<?xml version="1.0" encoding="UTF-8"?>
<!-- Generated by org.testng.reporters.JUnitReportReporter -->
<testsuite hostname="GamePlayer" failures="0" tests="2" name="pages.Customer_Login" time="0.430" errors="0" timestamp="2021-12-30T15:51:43 EST" skipped="0">
  <testcase classname="pages.Customer_Login" name="testLoginForm" time="0.307"/>
  <system-out/>
  <testcase classname="pages.Customer_Login" name="testNavigationHome" time="0.123"/>
  <system-out/>
</testsuite> <!-- pages.Customer_Login -->
